<?xml version="1.0" encoding="UTF-8"?>
<coverage generated="1735674799222" clover="3.2.0">
  <project timestamp="1735674799223" name="All files">
    <metrics statements="42" coveredstatements="37" conditionals="21" coveredconditionals="16" methods="5" coveredmethods="5" elements="68" coveredelements="58" complexity="0" loc="42" ncloc="42" packages="1" files="1" classes="1"/>
    <file name="genDiff.js" path="C:\Users\egore\frontend-project-46\src\genDiff.js">
      <metrics statements="42" coveredstatements="37" conditionals="21" coveredconditionals="16" methods="5" coveredmethods="5"/>
      <line num="6" count="1" type="stmt"/>
      <line num="7" count="4" type="stmt"/>
      <line num="8" count="4" type="stmt"/>
      <line num="9" count="4" type="stmt"/>
      <line num="11" count="4" type="cond" truecount="1" falsecount="3"/>
      <line num="13" count="4" type="stmt"/>
      <line num="16" count="0" type="stmt"/>
      <line num="18" count="0" type="stmt"/>
      <line num="22" count="1" type="cond" truecount="1" falsecount="0"/>
      <line num="23" count="22" type="cond" truecount="1" falsecount="1"/>
      <line num="24" count="22" type="stmt"/>
      <line num="25" count="46" type="stmt"/>
      <line num="26" count="46" type="cond" truecount="2" falsecount="0"/>
      <line num="27" count="46" type="stmt"/>
      <line num="30" count="0" type="stmt"/>
      <line num="33" count="1" type="stmt"/>
      <line num="34" count="2" type="stmt"/>
      <line num="35" count="2" type="stmt"/>
      <line num="37" count="2" type="stmt"/>
      <line num="38" count="2" type="stmt"/>
      <line num="40" count="2" type="stmt"/>
      <line num="42" count="2" type="stmt"/>
      <line num="43" count="2" type="stmt"/>
      <line num="45" count="2" type="stmt"/>
      <line num="46" count="7" type="stmt"/>
      <line num="47" count="7" type="stmt"/>
      <line num="49" count="7" type="cond" truecount="2" falsecount="0"/>
      <line num="50" count="1" type="stmt"/>
      <line num="51" count="1" type="stmt"/>
      <line num="52" count="6" type="cond" truecount="2" falsecount="0"/>
      <line num="53" count="1" type="stmt"/>
      <line num="54" count="1" type="stmt"/>
      <line num="55" count="5" type="cond" truecount="2" falsecount="0"/>
      <line num="56" count="2" type="cond" truecount="3" falsecount="1"/>
      <line num="57" count="2" type="stmt"/>
      <line num="58" count="2" type="stmt"/>
      <line num="60" count="0" type="stmt"/>
      <line num="61" count="0" type="stmt"/>
      <line num="63" count="2" type="stmt"/>
      <line num="65" count="3" type="stmt"/>
      <line num="69" count="2" type="stmt"/>
      <line num="71" count="2" type="cond" truecount="2" falsecount="0"/>
    </file>
  </project>
</coverage>
