{"C:\\Users\\egore\\frontend-project-46\\src\\genDiff.js": {"path":"C:\\Users\\egore\\frontend-project-46\\src\\genDiff.js","statementMap":{"0":{"start":{"line":6,"column":18},"end":{"line":20,"column":1}},"1":{"start":{"line":7,"column":19},"end":{"line":7,"column":56}},"2":{"start":{"line":8,"column":19},"end":{"line":8,"column":52}},"3":{"start":{"line":9,"column":18},"end":{"line":9,"column":40}},"4":{"start":{"line":11,"column":2},"end":{"line":19,"column":3}},"5":{"start":{"line":13,"column":6},"end":{"line":13,"column":34}},"6":{"start":{"line":16,"column":6},"end":{"line":16,"column":33}},"7":{"start":{"line":18,"column":6},"end":{"line":18,"column":61}},"8":{"start":{"line":22,"column":20},"end":{"line":31,"column":1}},"9":{"start":{"line":23,"column":2},"end":{"line":29,"column":3}},"10":{"start":{"line":24,"column":4},"end":{"line":28,"column":48}},"11":{"start":{"line":25,"column":18},"end":{"line":25,"column":28}},"12":{"start":{"line":26,"column":27},"end":{"line":26,"column":79}},"13":{"start":{"line":27,"column":6},"end":{"line":27,"column":60}},"14":{"start":{"line":30,"column":2},"end":{"line":30,"column":15}},"15":{"start":{"line":33,"column":16},"end":{"line":72,"column":1}},"16":{"start":{"line":34,"column":16},"end":{"line":34,"column":36}},"17":{"start":{"line":35,"column":16},"end":{"line":35,"column":36}},"18":{"start":{"line":37,"column":16},"end":{"line":37,"column":44}},"19":{"start":{"line":38,"column":16},"end":{"line":38,"column":44}},"20":{"start":{"line":40,"column":18},"end":{"line":40,"column":49}},"21":{"start":{"line":42,"column":13},"end":{"line":42,"column":18}},"22":{"start":{"line":43,"column":20},"end":{"line":43,"column":24}},"23":{"start":{"line":45,"column":2},"end":{"line":67,"column":5}},"24":{"start":{"line":46,"column":17},"end":{"line":46,"column":27}},"25":{"start":{"line":47,"column":17},"end":{"line":47,"column":27}},"26":{"start":{"line":49,"column":4},"end":{"line":66,"column":5}},"27":{"start":{"line":50,"column":6},"end":{"line":50,"column":51}},"28":{"start":{"line":51,"column":6},"end":{"line":51,"column":26}},"29":{"start":{"line":52,"column":11},"end":{"line":66,"column":5}},"30":{"start":{"line":53,"column":6},"end":{"line":53,"column":51}},"31":{"start":{"line":54,"column":6},"end":{"line":54,"column":26}},"32":{"start":{"line":55,"column":11},"end":{"line":66,"column":5}},"33":{"start":{"line":56,"column":6},"end":{"line":62,"column":7}},"34":{"start":{"line":57,"column":8},"end":{"line":57,"column":53}},"35":{"start":{"line":58,"column":8},"end":{"line":58,"column":53}},"36":{"start":{"line":60,"column":8},"end":{"line":60,"column":53}},"37":{"start":{"line":61,"column":8},"end":{"line":61,"column":53}},"38":{"start":{"line":63,"column":6},"end":{"line":63,"column":26}},"39":{"start":{"line":65,"column":6},"end":{"line":65,"column":51}},"40":{"start":{"line":69,"column":2},"end":{"line":69,"column":14}},"41":{"start":{"line":71,"column":2},"end":{"line":71,"column":57}}},"fnMap":{"0":{"name":"(anonymous_0)","decl":{"start":{"line":6,"column":18},"end":{"line":6,"column":19}},"loc":{"start":{"line":6,"column":32},"end":{"line":20,"column":1}},"line":6},"1":{"name":"(anonymous_1)","decl":{"start":{"line":22,"column":20},"end":{"line":22,"column":21}},"loc":{"start":{"line":22,"column":43},"end":{"line":31,"column":1}},"line":22},"2":{"name":"(anonymous_2)","decl":{"start":{"line":24,"column":40},"end":{"line":24,"column":41}},"loc":{"start":{"line":24,"column":49},"end":{"line":28,"column":5}},"line":24},"3":{"name":"(anonymous_3)","decl":{"start":{"line":33,"column":16},"end":{"line":33,"column":17}},"loc":{"start":{"line":33,"column":42},"end":{"line":72,"column":1}},"line":33},"4":{"name":"(anonymous_4)","decl":{"start":{"line":45,"column":18},"end":{"line":45,"column":19}},"loc":{"start":{"line":45,"column":27},"end":{"line":67,"column":3}},"line":45}},"branchMap":{"0":{"loc":{"start":{"line":11,"column":2},"end":{"line":19,"column":3}},"type":"switch","locations":[{"start":{"line":12,"column":4},"end":{"line":13,"column":34}},{"start":{"line":14,"column":4},"end":{"line":14,"column":17}},{"start":{"line":15,"column":4},"end":{"line":16,"column":33}},{"start":{"line":17,"column":4},"end":{"line":18,"column":61}}],"line":11},"1":{"loc":{"start":{"line":22,"column":28},"end":{"line":22,"column":38}},"type":"default-arg","locations":[{"start":{"line":22,"column":37},"end":{"line":22,"column":38}}],"line":22},"2":{"loc":{"start":{"line":23,"column":2},"end":{"line":29,"column":3}},"type":"if","locations":[{"start":{"line":23,"column":2},"end":{"line":29,"column":3}},{"start":{},"end":{}}],"line":23},"3":{"loc":{"start":{"line":26,"column":27},"end":{"line":26,"column":79}},"type":"cond-expr","locations":[{"start":{"line":26,"column":45},"end":{"line":26,"column":73}},{"start":{"line":26,"column":76},"end":{"line":26,"column":79}}],"line":26},"4":{"loc":{"start":{"line":49,"column":4},"end":{"line":66,"column":5}},"type":"if","locations":[{"start":{"line":49,"column":4},"end":{"line":66,"column":5}},{"start":{"line":52,"column":11},"end":{"line":66,"column":5}}],"line":49},"5":{"loc":{"start":{"line":52,"column":11},"end":{"line":66,"column":5}},"type":"if","locations":[{"start":{"line":52,"column":11},"end":{"line":66,"column":5}},{"start":{"line":55,"column":11},"end":{"line":66,"column":5}}],"line":52},"6":{"loc":{"start":{"line":55,"column":11},"end":{"line":66,"column":5}},"type":"if","locations":[{"start":{"line":55,"column":11},"end":{"line":66,"column":5}},{"start":{"line":64,"column":11},"end":{"line":66,"column":5}}],"line":55},"7":{"loc":{"start":{"line":56,"column":6},"end":{"line":62,"column":7}},"type":"if","locations":[{"start":{"line":56,"column":6},"end":{"line":62,"column":7}},{"start":{"line":59,"column":13},"end":{"line":62,"column":7}}],"line":56},"8":{"loc":{"start":{"line":56,"column":10},"end":{"line":56,"column":46}},"type":"binary-expr","locations":[{"start":{"line":56,"column":10},"end":{"line":56,"column":26}},{"start":{"line":56,"column":30},"end":{"line":56,"column":46}}],"line":56},"9":{"loc":{"start":{"line":71,"column":9},"end":{"line":71,"column":56}},"type":"cond-expr","locations":[{"start":{"line":71,"column":23},"end":{"line":71,"column":49}},{"start":{"line":71,"column":52},"end":{"line":71,"column":56}}],"line":71}},"s":{"0":1,"1":4,"2":4,"3":4,"4":4,"5":4,"6":0,"7":0,"8":1,"9":22,"10":22,"11":46,"12":46,"13":46,"14":0,"15":1,"16":2,"17":2,"18":2,"19":2,"20":2,"21":2,"22":2,"23":2,"24":7,"25":7,"26":7,"27":1,"28":1,"29":6,"30":1,"31":1,"32":5,"33":2,"34":2,"35":2,"36":0,"37":0,"38":2,"39":3,"40":2,"41":2},"f":{"0":4,"1":22,"2":46,"3":2,"4":7},"b":{"0":[4,0,0,0],"1":[9],"2":[22,0],"3":[13,33],"4":[1,6],"5":[1,5],"6":[2,3],"7":[2,0],"8":[2,2],"9":[1,1]},"_coverageSchema":"1a1c01bbd47fc00a2c39e90264f33305004495a9","hash":"0840c1f3b71f859b6ed0cbcedaaa44fba482d2fe"}
}
