TN:
SF:src\genDiff.js
FN:6,(anonymous_0)
FN:22,(anonymous_1)
FN:24,(anonymous_2)
FN:33,(anonymous_3)
FN:45,(anonymous_4)
FNF:5
FNH:5
FNDA:4,(anonymous_0)
FNDA:22,(anonymous_1)
FNDA:46,(anonymous_2)
FNDA:2,(anonymous_3)
FNDA:7,(anonymous_4)
DA:6,1
DA:7,4
DA:8,4
DA:9,4
DA:11,4
DA:13,4
DA:16,0
DA:18,0
DA:22,1
DA:23,22
DA:24,22
DA:25,46
DA:26,46
DA:27,46
DA:30,0
DA:33,1
DA:34,2
DA:35,2
DA:37,2
DA:38,2
DA:40,2
DA:42,2
DA:43,2
DA:45,2
DA:46,7
DA:47,7
DA:49,7
DA:50,1
DA:51,1
DA:52,6
DA:53,1
DA:54,1
DA:55,5
DA:56,2
DA:57,2
DA:58,2
DA:60,0
DA:61,0
DA:63,2
DA:65,3
DA:69,2
DA:71,2
LF:42
LH:37
BRDA:11,0,0,4
BRDA:11,0,1,0
BRDA:11,0,2,0
BRDA:11,0,3,0
BRDA:22,1,0,9
BRDA:23,2,0,22
BRDA:23,2,1,0
BRDA:26,3,0,13
BRDA:26,3,1,33
BRDA:49,4,0,1
BRDA:49,4,1,6
BRDA:52,5,0,1
BRDA:52,5,1,5
BRDA:55,6,0,2
BRDA:55,6,1,3
BRDA:56,7,0,2
BRDA:56,7,1,0
BRDA:56,8,0,2
BRDA:56,8,1,2
BRDA:71,9,0,1
BRDA:71,9,1,1
BRF:21
BRH:16
end_of_record
